<?xml version="1.0" encoding="UTF-8"?>
<testsuite name="com.bridgelabz.UserRegistrationJunitTest" tests="1" skipped="0" failures="0" errors="0" timestamp="2021-05-31T11:33:02" hostname="SHWETA29" time="0.008">
  <properties/>
  <testcase name="givenPassword_ContainsNoUpperCase_ReturnFalse" classname="com.bridgelabz.UserRegistrationJunitTest" time="0.008"/>
  <system-out><![CDATA[]]></system-out>
  <system-err><![CDATA[]]></system-err>
</testsuite>
