<?xml version="1.0" encoding="UTF-8"?>
<testsuite name="com.bridgelabz.UserRegistrationJunitTest" tests="1" skipped="0" failures="0" errors="0" timestamp="2021-05-31T11:50:56" hostname="SHWETA29" time="0.004">
  <properties/>
  <testcase name="givenPassword_DoNotContainOneNumericNumber_ReturnFalse" classname="com.bridgelabz.UserRegistrationJunitTest" time="0.004"/>
  <system-out><![CDATA[]]></system-out>
  <system-err><![CDATA[]]></system-err>
</testsuite>
