<?xml version="1.0" encoding="UTF-8"?>
<testsuite name="com.bridgelabz.UserRegistrationJunitTest" tests="1" skipped="0" failures="0" errors="0" timestamp="2021-05-31T10:37:18" hostname="SHWETA29" time="0.035">
  <properties/>
  <testcase name="givenEmail_DoNotEndsWithComOrIn_ReturnFalse" classname="com.bridgelabz.UserRegistrationJunitTest" time="0.035"/>
  <system-out><![CDATA[]]></system-out>
  <system-err><![CDATA[]]></system-err>
</testsuite>
